


Sun Aug 15 15:44:53 EDT 2021
/home/ghosh/projects/H0_study



3
RA of injection: 5.864 . Dec of injection: 0.209
2021-08-15 15:44:57,480 Generating Fake Strain
2021-08-15 15:44:57,480 Reading ASD from file
2021-08-15 15:44:57,565 Making colored noise
2021-08-15 15:45:17,592 Resampling data
2021-08-15 15:45:17,594 Applying injections
2021-08-15 15:45:17,771 Injecting at 1264069376.0, method is lal
2021-08-15 15:45:17,806 Converting to float64
2021-08-15 15:45:17,807 Remove Padding
2021-08-15 15:45:17,809 Writing output strain to L-L1_STRAIN-1264069359-25-RA_5.864-DEC_0.209.gwf
2021-08-15 15:45:18,149 Done
2021-08-15 15:45:19,670 Generating Fake Strain
2021-08-15 15:45:19,670 Reading ASD from file
2021-08-15 15:45:19,754 Making colored noise
2021-08-15 15:45:39,954 Resampling data
2021-08-15 15:45:39,956 Applying injections
2021-08-15 15:45:40,133 Injecting at 1264069376.0, method is lal
2021-08-15 15:45:40,167 Converting to float64
2021-08-15 15:45:40,168 Remove Padding
2021-08-15 15:45:40,169 Writing output strain to H-H1_STRAIN-1264069359-25-RA_5.864-DEC_0.209.gwf
2021-08-15 15:45:40,509 Done
2021-08-15 15:45:42,050 Generating Fake Strain
2021-08-15 15:45:42,051 Reading ASD from file
2021-08-15 15:45:42,138 Making colored noise
2021-08-15 15:46:02,701 Resampling data
2021-08-15 15:46:02,703 Applying injections
2021-08-15 15:46:02,882 Injecting at 1264069376.0, method is lal
2021-08-15 15:46:02,917 Converting to float64
2021-08-15 15:46:02,918 Remove Padding
2021-08-15 15:46:02,920 Writing output strain to V-V1_STRAIN-1264069359-25-RA_5.864-DEC_0.209.gwf
2021-08-15 15:46:03,260 Done
Overriding RA in the config file by value supplied in command line
2.1 --> 5.864
Overriding dec in the config file by value supplied in command line
1.5 --> 0.209
Duration of the signal = 7.74554443359375
Frame start time = 1264069359
Frame duration = 25
Making frames for L1
Making frames for H1
Making frames for V1
Injection File injectionFiles/injection_5.864_0.209.hdf5 written
