


Sun Aug 15 15:44:53 EDT 2021
/home/ghosh/projects/H0_study



2
RA of injection: 1.257 . Dec of injection: 0.419
2021-08-15 15:44:57,722 Generating Fake Strain
2021-08-15 15:44:57,722 Reading ASD from file
2021-08-15 15:44:57,808 Making colored noise
2021-08-15 15:45:17,716 Resampling data
2021-08-15 15:45:17,718 Applying injections
2021-08-15 15:45:17,895 Injecting at 1264069376.0, method is lal
2021-08-15 15:45:17,932 Converting to float64
2021-08-15 15:45:17,932 Remove Padding
2021-08-15 15:45:17,934 Writing output strain to L-L1_STRAIN-1264069359-25-RA_1.257-DEC_0.419.gwf
2021-08-15 15:45:18,275 Done
2021-08-15 15:45:19,749 Generating Fake Strain
2021-08-15 15:45:19,749 Reading ASD from file
2021-08-15 15:45:19,834 Making colored noise
2021-08-15 15:45:39,801 Resampling data
2021-08-15 15:45:39,803 Applying injections
2021-08-15 15:45:39,980 Injecting at 1264069376.0, method is lal
2021-08-15 15:45:40,017 Converting to float64
2021-08-15 15:45:40,018 Remove Padding
2021-08-15 15:45:40,020 Writing output strain to H-H1_STRAIN-1264069359-25-RA_1.257-DEC_0.419.gwf
2021-08-15 15:45:40,360 Done
2021-08-15 15:45:41,844 Generating Fake Strain
2021-08-15 15:45:41,844 Reading ASD from file
2021-08-15 15:45:41,931 Making colored noise
2021-08-15 15:46:02,068 Resampling data
2021-08-15 15:46:02,070 Applying injections
2021-08-15 15:46:02,252 Injecting at 1264069376.0, method is lal
2021-08-15 15:46:02,287 Converting to float64
2021-08-15 15:46:02,288 Remove Padding
2021-08-15 15:46:02,289 Writing output strain to V-V1_STRAIN-1264069359-25-RA_1.257-DEC_0.419.gwf
2021-08-15 15:46:02,637 Done
Overriding RA in the config file by value supplied in command line
2.1 --> 1.257
Overriding dec in the config file by value supplied in command line
1.5 --> 0.419
Duration of the signal = 7.74554443359375
Frame start time = 1264069359
Frame duration = 25
Making frames for L1
Making frames for H1
Making frames for V1
Injection File injectionFiles/injection_1.257_0.419.hdf5 written
