


Sun Aug 15 15:44:53 EDT 2021
/home/ghosh/projects/H0_study



4
RA of injection: 1.200 . Dec of injection: -1.1
2021-08-15 15:44:57,474 Generating Fake Strain
2021-08-15 15:44:57,474 Reading ASD from file
2021-08-15 15:44:57,559 Making colored noise
2021-08-15 15:45:17,101 Resampling data
2021-08-15 15:45:17,103 Applying injections
2021-08-15 15:45:17,280 Injecting at 1264069376.0, method is lal
2021-08-15 15:45:17,315 Converting to float64
2021-08-15 15:45:17,316 Remove Padding
2021-08-15 15:45:17,317 Writing output strain to L-L1_STRAIN-1264069359-25-RA_1.2-DEC_-1.1.gwf
2021-08-15 15:45:17,657 Done
2021-08-15 15:45:19,154 Generating Fake Strain
2021-08-15 15:45:19,154 Reading ASD from file
2021-08-15 15:45:19,238 Making colored noise
2021-08-15 15:45:39,670 Resampling data
2021-08-15 15:45:39,672 Applying injections
2021-08-15 15:45:39,849 Injecting at 1264069376.0, method is lal
2021-08-15 15:45:39,883 Converting to float64
2021-08-15 15:45:39,884 Remove Padding
2021-08-15 15:45:39,886 Writing output strain to H-H1_STRAIN-1264069359-25-RA_1.2-DEC_-1.1.gwf
2021-08-15 15:45:40,228 Done
2021-08-15 15:45:41,727 Generating Fake Strain
2021-08-15 15:45:41,728 Reading ASD from file
2021-08-15 15:45:41,814 Making colored noise
2021-08-15 15:46:01,672 Resampling data
2021-08-15 15:46:01,674 Applying injections
2021-08-15 15:46:01,854 Injecting at 1264069376.0, method is lal
2021-08-15 15:46:01,888 Converting to float64
2021-08-15 15:46:01,889 Remove Padding
2021-08-15 15:46:01,891 Writing output strain to V-V1_STRAIN-1264069359-25-RA_1.2-DEC_-1.1.gwf
2021-08-15 15:46:02,235 Done
Overriding RA in the config file by value supplied in command line
2.1 --> 1.2
Overriding dec in the config file by value supplied in command line
1.5 --> -1.1
Duration of the signal = 7.74554443359375
Frame start time = 1264069359
Frame duration = 25
Making frames for L1
Making frames for H1
Making frames for V1
Injection File injectionFiles/injection_1.200_-1.1.hdf5 written
